0 verbose cli C:\Program Files\nodejs\node.exe C:\Program Files\nodejs\node_modules\npm\bin\npm-cli.js
1 info using npm@8.11.0
2 info using node@v18.3.0
3 timing npm:load:whichnode Completed in 0ms
4 timing config:load:defaults Completed in 2ms
5 timing config:load:file:C:\Program Files\nodejs\node_modules\npm\npmrc Completed in 4ms
6 timing config:load:builtin Completed in 5ms
7 timing config:load:cli Completed in 3ms
8 timing config:load:env Completed in 1ms
9 timing config:load:file:C:\Users\SUBHAM RATH\Ecommerce\ecommerce\.npmrc Completed in 0ms
10 timing config:load:project Completed in 6ms
11 timing config:load:file:C:\Users\SUBHAM RATH\.npmrc Completed in 1ms
12 timing config:load:user Completed in 2ms
13 timing config:load:file:C:\Users\SUBHAM RATH\AppData\Roaming\npm\etc\npmrc Completed in 1ms
14 timing config:load:global Completed in 1ms
15 timing config:load:validate Completed in 0ms
16 timing config:load:credentials Completed in 1ms
17 timing config:load:setEnvs Completed in 2ms
18 timing config:load Completed in 23ms
19 timing npm:load:configload Completed in 23ms
20 timing npm:load:mkdirpcache Completed in 1ms
21 timing npm:load:mkdirplogs Completed in 0ms
22 verbose title npm instal
23 verbose argv "instal" "--legacy-peer-deps"
24 timing npm:load:setTitle Completed in 2ms
25 timing config:load:flatten Completed in 5ms
26 timing npm:load:display Completed in 7ms
27 verbose logfile logs-max:10 dir:C:\Users\SUBHAM RATH\Ecommerce\ecommerce\UsersSUBHAMRATHAppDataRoamingnpm-cache\_logs
28 verbose logfile C:\Users\SUBHAM RATH\Ecommerce\ecommerce\UsersSUBHAMRATHAppDataRoamingnpm-cache\_logs\2022-09-07T07_23_59_636Z-debug-0.log
29 timing npm:load:logFile Completed in 21ms
30 timing npm:load:timers Completed in 0ms
31 timing npm:load:configScope Completed in 0ms
32 timing npm:load Completed in 57ms
33 timing arborist:ctor Completed in 1ms
34 silly logfile start cleaning logs, removing 2 files
35 silly logfile done cleaning log files
36 timing idealTree:init Completed in 268ms
37 timing idealTree:userRequests Completed in 0ms
38 silly idealTree buildDeps
39 timing idealTree:#root Completed in 0ms
40 timing idealTree:buildDeps Completed in 2ms
41 timing idealTree:fixDepFlags Completed in 0ms
42 timing idealTree Completed in 283ms
43 timing arborist:ctor Completed in 1ms
44 timing reify:loadTrees Completed in 512ms
45 timing reify:diffTrees Completed in 46ms
46 silly reify moves {}
47 timing reify:retireShallow Completed in 2ms
48 timing reify:createSparse Completed in 13ms
49 timing reify:loadBundles Completed in 0ms
50 silly audit bulk request {
50 silly audit   '@ampproject/remapping': [ '2.2.0' ],
50 silly audit   '@babel/code-frame': [ '7.18.6' ],
50 silly audit   '@babel/compat-data': [ '7.18.13' ],
50 silly audit   '@babel/core': [ '7.18.13' ],
50 silly audit   json5: [ '2.2.1', '1.0.1' ],
50 silly audit   semver: [ '6.3.0', '7.3.7' ],
50 silly audit   '@babel/generator': [ '7.18.13' ],
50 silly audit   '@jridgewell/gen-mapping': [ '0.3.2', '0.1.1' ],
50 silly audit   '@babel/helper-annotate-as-pure': [ '7.18.6' ],
50 silly audit   '@babel/helper-compilation-targets': [ '7.18.9' ],
50 silly audit   '@babel/helper-environment-visitor': [ '7.18.9' ],
50 silly audit   '@babel/helper-function-name': [ '7.18.9' ],
50 silly audit   '@babel/helper-hoist-variables': [ '7.18.6' ],
50 silly audit   '@babel/helper-module-imports': [ '7.18.6' ],
50 silly audit   '@babel/helper-module-transforms': [ '7.18.9' ],
50 silly audit   '@babel/helper-plugin-utils': [ '7.18.9' ],
50 silly audit   '@babel/helper-simple-access': [ '7.18.6' ],
50 silly audit   '@babel/helper-split-export-declaration': [ '7.18.6' ],
50 silly audit   '@babel/helper-string-parser': [ '7.18.10' ],
50 silly audit   '@babel/helper-validator-identifier': [ '7.18.6' ],
50 silly audit   '@babel/helper-validator-option': [ '7.18.6' ],
50 silly audit   '@babel/helpers': [ '7.18.9' ],
50 silly audit   '@babel/highlight': [ '7.18.6' ],
50 silly audit   'ansi-styles': [ '3.2.1', '4.3.0' ],
50 silly audit   chalk: [ '2.4.2', '4.1.2' ],
50 silly audit   'color-convert': [ '1.9.3', '2.0.1' ],
50 silly audit   'color-name': [ '1.1.3', '1.1.4' ],
50 silly audit   'escape-string-regexp': [ '1.0.5', '4.0.0' ],
50 silly audit   'has-flag': [ '3.0.0', '4.0.0' ],
50 silly audit   'supports-color': [ '5.5.0', '7.2.0' ],
50 silly audit   '@babel/parser': [ '7.18.13' ],
50 silly audit   '@babel/plugin-syntax-jsx': [ '7.18.6' ],
50 silly audit   '@babel/plugin-transform-react-display-name': [ '7.18.6' ],
50 silly audit   '@babel/plugin-transform-react-jsx': [ '7.18.10' ],
50 silly audit   '@babel/plugin-transform-react-jsx-development': [ '7.18.6' ],
50 silly audit   '@babel/plugin-transform-react-pure-annotations': [ '7.18.6' ],
50 silly audit   '@babel/preset-react': [ '7.18.6' ],
50 silly audit   '@babel/runtime': [ '7.18.9' ],
50 silly audit   '@babel/runtime-corejs3': [ '7.18.9' ],
50 silly audit   '@babel/template': [ '7.18.10' ],
50 silly audit   '@babel/traverse': [ '7.18.13' ],
50 silly audit   globals: [ '11.12.0', '13.17.0' ],
50 silly audit   '@babel/types': [ '7.18.13' ],
50 silly audit   '@eslint/eslintrc': [ '1.3.1' ],
50 silly audit   '@humanwhocodes/config-array': [ '0.10.4' ],
50 silly audit   '@humanwhocodes/gitignore-to-minimatch': [ '1.0.2' ],
50 silly audit   '@humanwhocodes/module-importer': [ '1.0.1' ],
50 silly audit   '@humanwhocodes/object-schema': [ '1.2.1' ],
50 silly audit   '@jridgewell/resolve-uri': [ '3.1.0' ],
50 silly audit   '@jridgewell/set-array': [ '1.1.2' ],
50 silly audit   '@jridgewell/sourcemap-codec': [ '1.4.14' ],
50 silly audit   '@jridgewell/trace-mapping': [ '0.3.15' ],
50 silly audit   '@next/env': [ '12.1.0' ],
50 silly audit   '@next/eslint-plugin-next': [ '12.2.5' ],
50 silly audit   '@next/swc-android-arm64': [ '12.1.0' ],
50 silly audit   '@next/swc-darwin-arm64': [ '12.1.0' ],
50 silly audit   '@next/swc-darwin-x64': [ '12.1.0' ],
50 silly audit   '@next/swc-linux-arm-gnueabihf': [ '12.1.0' ],
50 silly audit   '@next/swc-linux-arm64-gnu': [ '12.1.0' ],
50 silly audit   '@next/swc-linux-arm64-musl': [ '12.1.0' ],
50 silly audit   '@next/swc-linux-x64-gnu': [ '12.1.0' ],
50 silly audit   '@next/swc-linux-x64-musl': [ '12.1.0' ],
50 silly audit   '@next/swc-win32-arm64-msvc': [ '12.1.0' ],
50 silly audit   '@next/swc-win32-ia32-msvc': [ '12.1.0' ],
50 silly audit   '@next/swc-win32-x64-msvc': [ '12.1.0' ],
50 silly audit   '@nodelib/fs.scandir': [ '2.1.5' ],
50 silly audit   '@nodelib/fs.stat': [ '2.0.5' ],
50 silly audit   '@nodelib/fs.walk': [ '1.2.8' ],
50 silly audit   '@rushstack/eslint-patch': [ '1.1.4' ],
50 silly audit   '@sanity/client': [ '3.3.6' ],
50 silly audit   '@sanity/eventsource': [ '4.0.0' ],
50 silly audit   '@sanity/image-url': [ '1.0.1', '0.140.22' ],
50 silly audit   '@sanity/timed-out': [ '4.0.2' ],
50 silly audit   '@stripe/stripe-js': [ '1.35.0' ],
50 silly audit   '@types/json5': [ '0.0.29' ],
50 silly audit   '@types/node': [ '18.7.14' ],
50 silly audit   '@typescript-eslint/parser': [ '5.36.1' ],
50 silly audit   '@typescript-eslint/scope-manager': [ '5.36.1' ],
50 silly audit   '@typescript-eslint/types': [ '5.36.1' ],
50 silly audit   '@typescript-eslint/typescript-estree': [ '5.36.1' ],
50 silly audit   '@typescript-eslint/visitor-keys': [ '5.36.1' ],
50 silly audit   acorn: [ '8.8.0' ],
50 silly audit   'acorn-jsx': [ '5.3.2' ],
50 silly audit   ajv: [ '6.12.6' ],
50 silly audit   'ansi-regex': [ '5.0.1' ],
50 silly audit   argparse: [ '2.0.1' ],
50 silly audit   'aria-query': [ '4.2.2' ],
50 silly audit   'array-includes': [ '3.1.5' ],
50 silly audit   'array-union': [ '2.1.0' ],
50 silly audit   'array.prototype.flat': [ '1.3.0' ],
50 silly audit   'array.prototype.flatmap': [ '1.3.0' ],
50 silly audit   'ast-types-flow': [ '0.0.7' ],
50 silly audit   'axe-core': [ '4.4.3' ],
50 silly audit   'axobject-query': [ '2.2.0' ],
50 silly audit   'balanced-match': [ '1.0.2' ],
50 silly audit   'brace-expansion': [ '1.1.11' ],
50 silly audit   braces: [ '3.0.2' ],
50 silly audit   browserslist: [ '4.21.3' ],
50 silly audit   'call-bind': [ '1.0.2' ],
50 silly audit   callsites: [ '3.1.0' ],
50 silly audit   'caniuse-lite': [ '1.0.30001388' ],
50 silly audit   'canvas-confetti': [ '1.5.1' ],
50 silly audit   'capture-stack-trace': [ '1.0.1' ],
50 silly audit   'concat-map': [ '0.0.1' ],
50 silly audit   'convert-source-map': [ '1.8.0' ],
50 silly audit   'core-js-pure': [ '3.25.0' ],
50 silly audit   'core-util-is': [ '1.0.3' ],
50 silly audit   'create-error-class': [ '3.0.2' ],
50 silly audit   'cross-spawn': [ '7.0.3' ],
50 silly audit   'damerau-levenshtein': [ '1.0.8' ],
50 silly audit   debug: [ '4.3.4', '3.2.7', '2.6.9' ],
50 silly audit   'decompress-response': [ '6.0.0' ],
50 silly audit   'deep-is': [ '0.1.4' ],
50 silly audit   'define-properties': [ '1.1.4' ],
50 silly audit   'dir-glob': [ '3.0.1' ],
50 silly audit   doctrine: [ '3.0.0', '2.1.0' ],
50 silly audit   'electron-to-chromium': [ '1.4.241' ],
50 silly audit   'emoji-regex': [ '9.2.2' ],
50 silly audit   'es-abstract': [ '1.20.2' ],
50 silly audit   'es-shim-unscopables': [ '1.0.0' ],
50 silly audit   'es-to-primitive': [ '1.2.1' ],
50 silly audit   escalade: [ '3.1.1' ],
50 silly audit   eslint: [ '8.23.0' ],
50 silly audit   'eslint-config-next': [ '12.2.5' ],
50 silly audit   'eslint-import-resolver-node': [ '0.3.6' ],
50 silly audit   'eslint-import-resolver-typescript': [ '2.7.1' ],
50 silly audit   glob: [ '7.2.3', '7.1.7' ],
50 silly audit   'eslint-module-utils': [ '2.7.4' ],
50 silly audit   'eslint-plugin-import': [ '2.26.0' ],
50 silly audit   ms: [ '2.0.0', '2.1.2' ],
50 silly audit   'eslint-plugin-jsx-a11y': [ '6.6.1' ],
50 silly audit   'eslint-plugin-react': [ '7.31.5' ],
50 silly audit   'eslint-plugin-react-hooks': [ '4.6.0' ],
50 silly audit   resolve: [ '2.0.0-next.4', '1.22.1' ],
50 silly audit   'eslint-scope': [ '7.1.1' ],
50 silly audit   'eslint-utils': [ '3.0.0' ],
50 silly audit   'eslint-visitor-keys': [ '2.1.0', '3.3.0' ],
50 silly audit   espree: [ '9.4.0' ],
50 silly audit   esquery: [ '1.4.0' ],
50 silly audit   esrecurse: [ '4.3.0' ],
50 silly audit   estraverse: [ '5.3.0' ],
50 silly audit   esutils: [ '2.0.3' ],
50 silly audit   'event-source-polyfill': [ '1.0.25' ],
50 silly audit   eventsource: [ '2.0.2' ],
50 silly audit   'fast-deep-equal': [ '3.1.3' ],
50 silly audit   'fast-glob': [ '3.2.11' ],
50 silly audit   'glob-parent': [ '5.1.2', '6.0.2' ],
50 silly audit   'fast-json-stable-stringify': [ '2.1.0' ],
50 silly audit   'fast-levenshtein': [ '2.0.6' ],
50 silly audit   fastq: [ '1.13.0' ],
50 silly audit   'file-entry-cache': [ '6.0.1' ],
50 silly audit   'fill-range': [ '7.0.1' ],
50 silly audit   'find-up': [ '5.0.0' ],
50 silly audit   'flat-cache': [ '3.0.4' ],
50 silly audit   flatted: [ '3.2.7' ],
50 silly audit   'follow-redirects': [ '1.15.1' ],
50 silly audit   'form-urlencoded': [ '2.0.9' ],
50 silly audit   from2: [ '2.3.0' ],
50 silly audit   'fs.realpath': [ '1.0.0' ],
50 silly audit   'function-bind': [ '1.1.1' ],
50 silly audit   'function.prototype.name': [ '1.1.5' ],
50 silly audit   'functional-red-black-tree': [ '1.0.1' ],
50 silly audit   'functions-have-names': [ '1.2.3' ],
50 silly audit   gensync: [ '1.0.0-beta.2' ],
50 silly audit   'get-intrinsic': [ '1.1.2' ],
50 silly audit   'get-it': [ '6.1.1' ],
50 silly audit   'get-symbol-description': [ '1.0.0' ],
50 silly audit   globby: [ '11.1.0' ],
50 silly audit   goober: [ '2.1.11' ],
50 silly audit   'grapheme-splitter': [ '1.0.4' ],
50 silly audit   has: [ '1.0.3' ],
50 silly audit   'has-bigints': [ '1.0.2' ],
50 silly audit   'has-property-descriptors': [ '1.0.0' ],
50 silly audit   'has-symbols': [ '1.0.3' ],
50 silly audit   'has-tostringtag': [ '1.0.0' ],
50 silly audit   ignore: [ '5.2.0' ],
50 silly audit   'import-fresh': [ '3.3.0' ],
50 silly audit   imurmurhash: [ '0.1.4' ],
50 silly audit   inflight: [ '1.0.6' ],
50 silly audit   inherits: [ '2.0.4' ],
50 silly audit   'internal-slot': [ '1.0.3' ],
50 silly audit   'into-stream': [ '3.1.0' ],
50 silly audit   'is-bigint': [ '1.0.4' ],
50 silly audit   'is-boolean-object': [ '1.1.2' ],
50 silly audit   'is-callable': [ '1.2.4' ],
50 silly audit   'is-core-module': [ '2.10.0' ],
50 silly audit   'is-date-object': [ '1.0.5' ],
50 silly audit   'is-extglob': [ '2.1.1' ],
50 silly audit   'is-glob': [ '4.0.3' ],
50 silly audit   'is-negative-zero': [ '2.0.2' ],
50 silly audit   'is-number': [ '7.0.0' ],
50 silly audit   'is-number-object': [ '1.0.7' ],
50 silly audit   'is-plain-object': [ '2.0.4' ],
50 silly audit   'is-regex': [ '1.1.4' ],
50 silly audit   'is-retry-allowed': [ '1.2.0' ],
50 silly audit   'is-shared-array-buffer': [ '1.0.2' ],
50 silly audit   'is-stream': [ '1.1.0' ],
50 silly audit   'is-string': [ '1.0.7' ],
50 silly audit   'is-symbol': [ '1.0.4' ],
50 silly audit   'is-weakref': [ '1.0.2' ],
50 silly audit   isarray: [ '1.0.0' ],
50 silly audit   isexe: [ '2.0.0' ],
50 silly audit   isobject: [ '3.0.1' ],
50 silly audit   'js-tokens': [ '4.0.0' ],
50 silly audit   'js-yaml': [ '4.1.0' ],
50 silly audit   jsesc: [ '2.5.2' ],
50 silly audit   'json-schema-traverse': [ '0.4.1' ],
50 silly audit   'json-stable-stringify-without-jsonify': [ '1.0.1' ],
50 silly audit   'jsx-ast-utils': [ '3.3.3' ],
50 silly audit   'language-subtag-registry': [ '0.3.22' ],
50 silly audit   'language-tags': [ '1.0.5' ],
50 silly audit   levn: [ '0.4.1' ],
50 silly audit   'locate-path': [ '6.0.0' ],
50 silly audit   'lodash.merge': [ '4.6.2' ],
50 silly audit   'loose-envify': [ '1.4.0' ],
50 silly audit   'lru-cache': [ '6.0.0' ],
50 silly audit   'make-error': [ '1.3.6' ],
50 silly audit   merge2: [ '1.4.1' ],
50 silly audit   micromatch: [ '4.0.5' ],
50 silly audit   'mimic-response': [ '3.1.0' ],
50 silly audit   minimatch: [ '3.1.2' ],
50 silly audit   minimist: [ '1.2.6' ],
50 silly audit   'nano-pubsub': [ '1.0.2' ],
50 silly audit   nanoid: [ '3.3.4' ],
50 silly audit   'natural-compare': [ '1.4.0' ],
50 silly audit   next: [ '12.1.0' ],
50 silly audit   'next-sanity-image': [ '3.2.1' ],
50 silly audit   'node-releases': [ '2.0.6' ],
50 silly audit   'object-assign': [ '4.1.1' ],
50 silly audit   'object-inspect': [ '1.12.2' ],
50 silly audit   'object-keys': [ '1.1.1' ],
50 silly audit   'object.assign': [ '4.1.4' ],
50 silly audit   'object.entries': [ '1.1.5' ],
50 silly audit   'object.fromentries': [ '2.0.5' ],
50 silly audit   'object.hasown': [ '1.1.1' ],
50 silly audit   'object.values': [ '1.1.5' ],
50 silly audit   once: [ '1.4.0' ],
50 silly audit   optionator: [ '0.9.1' ],
50 silly audit   'p-is-promise': [ '1.1.0' ],
50 silly audit   'p-limit': [ '3.1.0' ],
50 silly audit   'p-locate': [ '5.0.0' ],
50 silly audit   'parent-module': [ '1.0.1' ],
50 silly audit   'parse-headers': [ '2.0.5' ],
50 silly audit   'path-exists': [ '4.0.0' ],
50 silly audit   'path-is-absolute': [ '1.0.1' ],
50 silly audit   'path-key': [ '3.1.1' ],
50 silly audit   'path-parse': [ '1.0.7' ],
50 silly audit   'path-type': [ '4.0.0' ],
50 silly audit   picocolors: [ '1.0.0' ],
50 silly audit   picomatch: [ '2.3.1' ],
50 silly audit   postcss: [ '8.4.5' ],
50 silly audit   'prelude-ls': [ '1.2.1' ],
50 silly audit   'process-nextick-args': [ '2.0.1' ],
50 silly audit   'progress-stream': [ '2.0.0' ],
50 silly audit   'prop-types': [ '15.8.1' ],
50 silly audit   punycode: [ '2.1.1' ],
50 silly audit   qs: [ '6.11.0' ],
50 silly audit   querystringify: [ '2.2.0' ],
50 silly audit   'queue-microtask': [ '1.2.3' ],
50 silly audit   react: [ '17.0.2' ],
50 silly audit   'react-dom': [ '17.0.2' ],
50 silly audit   'react-hot-toast': [ '2.3.0' ],
50 silly audit   'react-icons': [ '4.4.0' ],
50 silly audit   'react-is': [ '16.13.1' ],
50 silly audit   'readable-stream': [ '2.3.7' ],
50 silly audit   'regenerator-runtime': [ '0.13.9' ],
50 silly audit   'regexp.prototype.flags': [ '1.4.3' ],
50 silly audit   regexpp: [ '3.2.0' ],
50 silly audit   'requires-port': [ '1.0.0' ],
50 silly audit   'resolve-from': [ '4.0.0' ],
50 silly audit   reusify: [ '1.0.4' ],
50 silly audit   rimraf: [ '3.0.2' ],
50 silly audit   'run-parallel': [ '1.2.0' ],
50 silly audit   rxjs: [ '6.6.7' ],
50 silly audit   'safe-buffer': [ '5.1.2' ],
50 silly audit   'same-origin': [ '0.1.1' ],
50 silly audit   scheduler: [ '0.20.2' ],
50 silly audit   'shebang-command': [ '2.0.0' ],
50 silly audit   'shebang-regex': [ '3.0.0' ],
50 silly audit   'side-channel': [ '1.0.4' ],
50 silly audit   'simple-concat': [ '1.0.1' ],
50 silly audit   slash: [ '3.0.0' ],
50 silly audit   'source-map-js': [ '1.0.2' ],
50 silly audit   speedometer: [ '1.0.0' ],
50 silly audit   string_decoder: [ '1.1.1' ],
50 silly audit   'string.prototype.matchall': [ '4.0.7' ],
50 silly audit   'string.prototype.trimend': [ '1.0.5' ],
50 silly audit   'string.prototype.trimstart': [ '1.0.5' ],
50 silly audit   'strip-ansi': [ '6.0.1' ],
50 silly audit   'strip-bom': [ '3.0.0' ],
50 silly audit   'strip-json-comments': [ '3.1.1' ],
50 silly audit   stripe: [ '8.222.0' ],
50 silly audit   'styled-jsx': [ '5.0.0' ],
50 silly audit   'supports-preserve-symlinks-flag': [ '1.0.0' ],
50 silly audit   'text-table': [ '0.2.0' ],
50 silly audit   through2: [ '2.0.5' ],
50 silly audit   'to-fast-properties': [ '2.0.0' ],
50 silly audit   'to-regex-range': [ '5.0.1' ],
50 silly audit   'tsconfig-paths': [ '3.14.1' ],
50 silly audit   tslib: [ '1.14.1' ],
50 silly audit   tsutils: [ '3.21.0' ],
50 silly audit   'tunnel-agent': [ '0.6.0' ],
50 silly audit   'type-check': [ '0.4.0' ],
50 silly audit   'type-fest': [ '0.20.2' ],
50 silly audit   'unbox-primitive': [ '1.0.2' ],
50 silly audit   'update-browserslist-db': [ '1.0.7' ],
50 silly audit   'uri-js': [ '4.4.1' ],
50 silly audit   'url-parse': [ '1.5.10' ],
50 silly audit   'use-subscription': [ '1.5.1' ],
50 silly audit   'util-deprecate': [ '1.0.2' ],
50 silly audit   which: [ '2.0.2' ],
50 silly audit   'which-boxed-primitive': [ '1.0.2' ],
50 silly audit   'word-wrap': [ '1.2.3' ],
50 silly audit   wrappy: [ '1.0.2' ],
50 silly audit   xtend: [ '4.0.2' ],
50 silly audit   yallist: [ '4.0.0' ],
50 silly audit   'yocto-queue': [ '0.1.0' ]
50 silly audit }
51 verbose reify failed optional dependency C:\Users\SUBHAM RATH\Ecommerce\ecommerce\node_modules\@next\swc-win32-ia32-msvc
52 silly reify mark deleted [
52 silly reify   'C:\\Users\\SUBHAM RATH\\Ecommerce\\ecommerce\\node_modules\\@next\\swc-win32-ia32-msvc'
52 silly reify ]
53 verbose reify failed optional dependency C:\Users\SUBHAM RATH\Ecommerce\ecommerce\node_modules\@next\swc-win32-arm64-msvc
54 silly reify mark deleted [
54 silly reify   'C:\\Users\\SUBHAM RATH\\Ecommerce\\ecommerce\\node_modules\\@next\\swc-win32-arm64-msvc'
54 silly reify ]
55 verbose reify failed optional dependency C:\Users\SUBHAM RATH\Ecommerce\ecommerce\node_modules\@next\swc-linux-x64-musl
56 silly reify mark deleted [
56 silly reify   'C:\\Users\\SUBHAM RATH\\Ecommerce\\ecommerce\\node_modules\\@next\\swc-linux-x64-musl'
56 silly reify ]
57 verbose reify failed optional dependency C:\Users\SUBHAM RATH\Ecommerce\ecommerce\node_modules\@next\swc-linux-x64-gnu
58 silly reify mark deleted [
58 silly reify   'C:\\Users\\SUBHAM RATH\\Ecommerce\\ecommerce\\node_modules\\@next\\swc-linux-x64-gnu'
58 silly reify ]
59 verbose reify failed optional dependency C:\Users\SUBHAM RATH\Ecommerce\ecommerce\node_modules\@next\swc-linux-arm64-musl
60 silly reify mark deleted [
60 silly reify   'C:\\Users\\SUBHAM RATH\\Ecommerce\\ecommerce\\node_modules\\@next\\swc-linux-arm64-musl'
60 silly reify ]
61 verbose reify failed optional dependency C:\Users\SUBHAM RATH\Ecommerce\ecommerce\node_modules\@next\swc-linux-arm64-gnu
62 silly reify mark deleted [
62 silly reify   'C:\\Users\\SUBHAM RATH\\Ecommerce\\ecommerce\\node_modules\\@next\\swc-linux-arm64-gnu'
62 silly reify ]
63 verbose reify failed optional dependency C:\Users\SUBHAM RATH\Ecommerce\ecommerce\node_modules\@next\swc-linux-arm-gnueabihf
64 silly reify mark deleted [
64 silly reify   'C:\\Users\\SUBHAM RATH\\Ecommerce\\ecommerce\\node_modules\\@next\\swc-linux-arm-gnueabihf'
64 silly reify ]
65 verbose reify failed optional dependency C:\Users\SUBHAM RATH\Ecommerce\ecommerce\node_modules\@next\swc-darwin-x64
66 silly reify mark deleted [
66 silly reify   'C:\\Users\\SUBHAM RATH\\Ecommerce\\ecommerce\\node_modules\\@next\\swc-darwin-x64'
66 silly reify ]
67 verbose reify failed optional dependency C:\Users\SUBHAM RATH\Ecommerce\ecommerce\node_modules\@next\swc-darwin-arm64
68 silly reify mark deleted [
68 silly reify   'C:\\Users\\SUBHAM RATH\\Ecommerce\\ecommerce\\node_modules\\@next\\swc-darwin-arm64'
68 silly reify ]
69 verbose reify failed optional dependency C:\Users\SUBHAM RATH\Ecommerce\ecommerce\node_modules\@next\swc-android-arm64
70 silly reify mark deleted [
70 silly reify   'C:\\Users\\SUBHAM RATH\\Ecommerce\\ecommerce\\node_modules\\@next\\swc-android-arm64'
70 silly reify ]
71 timing reifyNode:node_modules/@next/swc-win32-ia32-msvc Completed in 127ms
72 timing reifyNode:node_modules/@next/swc-win32-arm64-msvc Completed in 126ms
73 timing reifyNode:node_modules/@next/swc-linux-x64-musl Completed in 126ms
74 timing reifyNode:node_modules/@next/swc-linux-x64-gnu Completed in 125ms
75 timing reifyNode:node_modules/@next/swc-linux-arm64-musl Completed in 125ms
76 timing reifyNode:node_modules/@next/swc-linux-arm64-gnu Completed in 125ms
77 timing reifyNode:node_modules/@next/swc-linux-arm-gnueabihf Completed in 125ms
78 timing reifyNode:node_modules/@next/swc-darwin-x64 Completed in 124ms
79 timing reifyNode:node_modules/@next/swc-darwin-arm64 Completed in 124ms
80 timing reifyNode:node_modules/@next/swc-android-arm64 Completed in 124ms
81 timing reify:unpack Completed in 127ms
82 timing reify:unretire Completed in 0ms
83 timing build:queue Completed in 5ms
84 timing build:deps Completed in 5ms
85 timing build Completed in 6ms
86 timing reify:build Completed in 6ms
87 timing reify:trash Completed in 6ms
88 timing reify:save Completed in 111ms
89 http fetch POST 200 https://registry.npmjs.org/-/npm/v1/security/advisories/bulk 712ms
90 timing auditReport:getReport Completed in 729ms
91 silly audit report {}
92 timing auditReport:init Completed in 0ms
93 timing reify:audit Completed in 732ms
94 timing reify Completed in 1339ms
95 silly ADD
96 silly ADD
97 silly ADD
98 silly ADD
99 silly ADD
100 silly ADD
101 silly ADD
102 silly ADD
103 silly ADD
104 silly ADD
105 timing command:instal Completed in 1389ms
106 verbose exit 0
107 timing npm Completed in 1660ms
108 info ok
